<?xml version="1.0" encoding="UTF-8"?>
<!-- Generated by org.testng.reporters.JUnitXMLReporter -->
<testsuite hostname="BDC6-D-429SWV1" name="Default test" tests="19" failures="0" timestamp="29 Aug 2016 09:57:01 GMT" time="860.436" errors="0">
  <testcase name="CallBlockerBasicPlus" time="0.189" classname="Voicezone.Main_Function">
    <skipped/>
  </testcase> <!-- CallBlockerBasicPlus -->
  <testcase name="Nomorobo" time="0.008" classname="Voicezone.Main_Function">
    <skipped/>
  </testcase> <!-- Nomorobo -->
  <testcase name="OutBoundCallerid" time="0.012" classname="Voicezone.Main_Function">
    <skipped/>
  </testcase> <!-- OutBoundCallerid -->
  <testcase name="CallBlockerSelect" time="0.007" classname="Voicezone.Main_Function">
    <skipped/>
  </testcase> <!-- CallBlockerSelect -->
  <testcase name="SelectiveCallAcceptance" time="851.866" classname="Voicezone.Main_Function"/>
  <testcase name="VoicemailTranscription" time="0.01" classname="Voicezone.Main_Function">
    <skipped/>
  </testcase> <!-- VoicemailTranscription -->
  <testcase name="NotifybyEmail" time="0.019" classname="Voicezone.Main_Function">
    <skipped/>
  </testcase> <!-- NotifybyEmail -->
  <testcase name="NotifybyText" time="0.011" classname="Voicezone.Main_Function">
    <skipped/>
  </testcase> <!-- NotifybyText -->
  <testcase name="PinChange" time="0.243" classname="Voicezone.Main_Function">
    <skipped/>
  </testcase> <!-- PinChange -->
  <testcase name="PinSkip" time="0.012" classname="Voicezone.Main_Function">
    <skipped/>
  </testcase> <!-- PinSkip -->
  <testcase name="AnswerAnywhere" time="0.052" classname="Voicezone.Main_Function">
    <skipped/>
  </testcase> <!-- AnswerAnywhere -->
  <testcase name="CallForwardingBusy" time="0.087" classname="Voicezone.Main_Function">
    <skipped/>
  </testcase> <!-- CallForwardingBusy -->
  <testcase name="CallForwardingNoAnswer" time="0.047" classname="Voicezone.Main_Function">
    <skipped/>
  </testcase> <!-- CallForwardingNoAnswer -->
  <testcase name="SelectiveCallForwarding" time="0.019" classname="Voicezone.Main_Function">
    <skipped/>
  </testcase> <!-- SelectiveCallForwarding -->
  <testcase name="CallForwardingUnconditional" time="0.103" classname="Voicezone.Main_Function">
    <skipped/>
  </testcase> <!-- CallForwardingUnconditional -->
  <testcase name="CallWaiting" time="0.009" classname="Voicezone.Main_Function">
    <skipped/>
  </testcase> <!-- CallWaiting -->
  <testcase name="DistinctiveRing" time="0.073" classname="Voicezone.Main_Function">
    <skipped/>
  </testcase> <!-- DistinctiveRing -->
  <testcase name="ThreeWayCalling" time="0.091" classname="Voicezone.Main_Function">
    <skipped/>
  </testcase> <!-- ThreeWayCalling -->
  <testcase name="SpeedDial" time="0.019" classname="Voicezone.Main_Function">
    <skipped/>
  </testcase> <!-- SpeedDial -->
</testsuite> <!-- Default test -->
